<?xml version="1.0" encoding="UTF-8"?>
<!-- Generated by org.testng.reporters.JUnitXMLReporter -->
<testsuite hostname="pozmw031341" ignored="0" name="Command line test" tests="6" failures="0" timestamp="2021-08-12T09:06:54 CEST" time="0.087" errors="0">
  <testcase name="AppiumTestCase1" time="0.008" classname="mavencourse.AppiumTest"/>
  <testcase name="AppiumTestCase2" time="0.0" classname="mavencourse.AppiumTest"/>
  <testcase name="RESTAPITestCase1" time="0.0" classname="mavencourse.RESTAPITest"/>
  <testcase name="RESTAPITestCase2" time="0.001" classname="mavencourse.RESTAPITest"/>
  <testcase name="SeleniumTestCase1" time="0.0" classname="mavencourse.SeleniumTest"/>
  <testcase name="SeleniumTestCase2" time="0.0" classname="mavencourse.SeleniumTest"/>
</testsuite> <!-- Command line test -->
