<?xml version="1.0" encoding="UTF-8" ?>
<testsuite tests="6" failures="0" name="TestSuite" time="0.018" errors="0" skipped="0">
  <properties>
[...]
</properties>
  <testcase classname="mavencourse.AppiumTest" name="AppiumTestCase1" time="0.011"/>
  <testcase classname="mavencourse.AppiumTest" name="AppiumTestCase2" time="0.001"/>
  <testcase classname="mavencourse.RESTAPITest" name="RESTAPITestCase1" time="0.001"/>
  <testcase classname="mavencourse.RESTAPITest" name="RESTAPITestCase2" time="0.001"/>
  <testcase classname="mavencourse.SeleniumTest" name="SeleniumTestCase1" time="0.001"/>
  <testcase classname="mavencourse.SeleniumTest" name="SeleniumTestCase2" time="0.003"/>
</testsuite>